<?xml version="1.0" encoding="UTF-8"?>
<testsuite name="SlidingWindowMaximumTest" tests="2" skipped="0" failures="0" errors="0" timestamp="2017-11-18T06:39:23" hostname="the-green-giraffe" time="0.571">
  <properties/>
  <testcase name="randomizedSlidingWindowTest" classname="SlidingWindowMaximumTest" time="0.57"/>
  <testcase name="smallWindowTest" classname="SlidingWindowMaximumTest" time="0.0"/>
  <system-out><![CDATA[]]></system-out>
  <system-err><![CDATA[]]></system-err>
</testsuite>
