<?xml version="1.0" encoding="UTF-8"?>
<testsuite name="SlidingWindowMaximumTest" tests="2" skipped="0" failures="0" errors="0" timestamp="2017-11-18T06:10:20" hostname="the-green-hippo" time="0.843">
  <properties/>
  <testcase name="randomizedSlidingWindowTest" classname="SlidingWindowMaximumTest" time="0.842"/>
  <testcase name="smallWindowTest" classname="SlidingWindowMaximumTest" time="0.0"/>
  <system-out><![CDATA[]]></system-out>
  <system-err><![CDATA[]]></system-err>
</testsuite>
